# JRE version: OpenJDK Runtime Environment (Zulu 8.52.0.23-CA-linux64) (8.0_282-b08) (build 1.8.0_282-b08)
# Java VM: OpenJDK 64-Bit Server VM (25.282-b08 mixed mode linux-amd64 compressed oops)
Heap:
 PSYoungGen      total 24064K, used 17459K [0x00000000d7700000, 0x00000000ddf80000, 0x0000000100000000)
  eden space 23552K, 73% used [0x00000000d7700000,0x00000000d8804f28,0x00000000d8e00000)
  from space 512K, 6% used [0x00000000dde80000,0x00000000dde88000,0x00000000ddf00000)
  to   space 512K, 0% used [0x00000000ddf00000,0x00000000ddf00000,0x00000000ddf80000)
 ParOldGen       total 83456K, used 48755K [0x0000000086400000, 0x000000008b580000, 0x00000000d7700000)
  object space 83456K, 58% used [0x0000000086400000,0x000000008939cf70,0x000000008b580000)
 Metaspace       used 16647K, capacity 16858K, committed 17280K, reserved 1064960K
  class space    used 1985K, capacity 2068K, committed 2176K, reserved 1048576K
GC Heap History (10 events):
Event: 3326,279 GC heap before
{Heap before GC invocations=2203 (full 0):
 PSYoungGen      total 24064K, used 23616K [0x00000000d7700000, 0x00000000ddf80000, 0x0000000100000000)
  eden space 23552K, 100% used [0x00000000d7700000,0x00000000d8e00000,0x00000000d8e00000)
  from space 512K, 12% used [0x00000000ddf00000,0x00000000ddf10000,0x00000000ddf80000)
  to   space 512K, 0% used [0x00000000dde80000,0x00000000dde80000,0x00000000ddf00000)
 ParOldGen       total 83456K, used 48755K [0x0000000086400000, 0x000000008b580000, 0x00000000d7700000)
  object space 83456K, 58% used [0x0000000086400000,0x000000008939cf70,0x000000008b580000)
 Metaspace       used 16647K, capacity 16858K, committed 17280K, reserved 1064960K
  class space    used 1985K, capacity 2068K, committed 2176K, reserved 1048576K
Event: 3326,282 GC heap after
Heap after GC invocations=2203 (full 0):
 PSYoungGen      total 24064K, used 64K [0x00000000d7700000, 0x00000000ddf80000, 0x0000000100000000)
  eden space 23552K, 0% used [0x00000000d7700000,0x00000000d7700000,0x00000000d8e00000)
  from space 512K, 12% used [0x00000000dde80000,0x00000000dde90000,0x00000000ddf00000)
  to   space 512K, 0% used [0x00000000ddf00000,0x00000000ddf00000,0x00000000ddf80000)
 ParOldGen       total 83456K, used 48755K [0x0000000086400000, 0x000000008b580000, 0x00000000d7700000)
  object space 83456K, 58% used [0x0000000086400000,0x000000008939cf70,0x000000008b580000)
 Metaspace       used 16647K, capacity 16858K, committed 17280K, reserved 1064960K
  class space    used 1985K, capacity 2068K, committed 2176K, reserved 1048576K
}
Event: 3327,524 GC heap before
{Heap before GC invocations=2204 (full 0):
 PSYoungGen      total 24064K, used 23616K [0x00000000d7700000, 0x00000000ddf80000, 0x0000000100000000)
  eden space 23552K, 100% used [0x00000000d7700000,0x00000000d8e00000,0x00000000d8e00000)
  from space 512K, 12% used [0x00000000dde80000,0x00000000dde90000,0x00000000ddf00000)
  to   space 512K, 0% used [0x00000000ddf00000,0x00000000ddf00000,0x00000000ddf80000)
 ParOldGen       total 83456K, used 48755K [0x0000000086400000, 0x000000008b580000, 0x00000000d7700000)
  object space 83456K, 58% used [0x0000000086400000,0x000000008939cf70,0x000000008b580000)
 Metaspace       used 16647K, capacity 16858K, committed 17280K, reserved 1064960K
  class space    used 1985K, capacity 2068K, committed 2176K, reserved 1048576K
Event: 3327,527 GC heap after
Heap after GC invocations=2204 (full 0):
 PSYoungGen      total 24064K, used 32K [0x00000000d7700000, 0x00000000ddf80000, 0x0000000100000000)
  eden space 23552K, 0% used [0x00000000d7700000,0x00000000d7700000,0x00000000d8e00000)
  from space 512K, 6% used [0x00000000ddf00000,0x00000000ddf08000,0x00000000ddf80000)
  to   space 512K, 0% used [0x00000000dde80000,0x00000000dde80000,0x00000000ddf00000)
 ParOldGen       total 83456K, used 48755K [0x0000000086400000, 0x000000008b580000, 0x00000000d7700000)
  object space 83456K, 58% used [0x0000000086400000,0x000000008939cf70,0x000000008b580000)
 Metaspace       used 16647K, capacity 16858K, committed 17280K, reserved 1064960K
  class space    used 1985K, capacity 2068K, committed 2176K, reserved 1048576K
}
Event: 3328,772 GC heap before
{Heap before GC invocations=2205 (full 0):
 PSYoungGen      total 24064K, used 23584K [0x00000000d7700000, 0x00000000ddf80000, 0x0000000100000000)
  eden space 23552K, 100% used [0x00000000d7700000,0x00000000d8e00000,0x00000000d8e00000)
  from space 512K, 6% used [0x00000000ddf00000,0x00000000ddf08000,0x00000000ddf80000)
  to   space 512K, 0% used [0x00000000dde80000,0x00000000dde80000,0x00000000ddf00000)
 ParOldGen       total 83456K, used 48755K [0x0000000086400000, 0x000000008b580000, 0x00000000d7700000)
  object space 83456K, 58% used [0x0000000086400000,0x000000008939cf70,0x000000008b580000)
 Metaspace       used 16647K, capacity 16858K, committed 17280K, reserved 1064960K
  class space    used 1985K, capacity 2068K, committed 2176K, reserved 1048576K
Event: 3328,775 GC heap after
Heap after GC invocations=2205 (full 0):
 PSYoungGen      total 24064K, used 64K [0x00000000d7700000, 0x00000000ddf80000, 0x0000000100000000)
  eden space 23552K, 0% used [0x00000000d7700000,0x00000000d7700000,0x00000000d8e00000)
  from space 512K, 12% used [0x00000000dde80000,0x00000000dde90000,0x00000000ddf00000)
  to   space 512K, 0% used [0x00000000ddf00000,0x00000000ddf00000,0x00000000ddf80000)
 ParOldGen       total 83456K, used 48755K [0x0000000086400000, 0x000000008b580000, 0x00000000d7700000)
  object space 83456K, 58% used [0x0000000086400000,0x000000008939cf70,0x000000008b580000)
 Metaspace       used 16647K, capacity 16858K, committed 17280K, reserved 1064960K
  class space    used 1985K, capacity 2068K, committed 2176K, reserved 1048576K
}
Event: 3330,019 GC heap before
{Heap before GC invocations=2206 (full 0):
 PSYoungGen      total 24064K, used 23616K [0x00000000d7700000, 0x00000000ddf80000, 0x0000000100000000)
  eden space 23552K, 100% used [0x00000000d7700000,0x00000000d8e00000,0x00000000d8e00000)
  from space 512K, 12% used [0x00000000dde80000,0x00000000dde90000,0x00000000ddf00000)
  to   space 512K, 0% used [0x00000000ddf00000,0x00000000ddf00000,0x00000000ddf80000)
 ParOldGen       total 83456K, used 48755K [0x0000000086400000, 0x000000008b580000, 0x00000000d7700000)
  object space 83456K, 58% used [0x0000000086400000,0x000000008939cf70,0x000000008b580000)
 Metaspace       used 16647K, capacity 16858K, committed 17280K, reserved 1064960K
  class space    used 1985K, capacity 2068K, committed 2176K, reserved 1048576K
Event: 3330,022 GC heap after
Heap after GC invocations=2206 (full 0):
 PSYoungGen      total 24064K, used 64K [0x00000000d7700000, 0x00000000ddf80000, 0x0000000100000000)
  eden space 23552K, 0% used [0x00000000d7700000,0x00000000d7700000,0x00000000d8e00000)
  from space 512K, 12% used [0x00000000ddf00000,0x00000000ddf10000,0x00000000ddf80000)
  to   space 512K, 0% used [0x00000000dde80000,0x00000000dde80000,0x00000000ddf00000)
 ParOldGen       total 83456K, used 48755K [0x0000000086400000, 0x000000008b580000, 0x00000000d7700000)
  object space 83456K, 58% used [0x0000000086400000,0x000000008939cf70,0x000000008b580000)
 Metaspace       used 16647K, capacity 16858K, committed 17280K, reserved 1064960K
  class space    used 1985K, capacity 2068K, committed 2176K, reserved 1048576K
}
Event: 3331,267 GC heap before
{Heap before GC invocations=2207 (full 0):
 PSYoungGen      total 24064K, used 23616K [0x00000000d7700000, 0x00000000ddf80000, 0x0000000100000000)
  eden space 23552K, 100% used [0x00000000d7700000,0x00000000d8e00000,0x00000000d8e00000)
  from space 512K, 12% used [0x00000000ddf00000,0x00000000ddf10000,0x00000000ddf80000)
  to   space 512K, 0% used [0x00000000dde80000,0x00000000dde80000,0x00000000ddf00000)
 ParOldGen       total 83456K, used 48755K [0x0000000086400000, 0x000000008b580000, 0x00000000d7700000)
  object space 83456K, 58% used [0x0000000086400000,0x000000008939cf70,0x000000008b580000)
 Metaspace       used 16647K, capacity 16858K, committed 17280K, reserved 1064960K
  class space    used 1985K, capacity 2068K, committed 2176K, reserved 1048576K
Event: 3331,270 GC heap after
Heap after GC invocations=2207 (full 0):
 PSYoungGen      total 24064K, used 32K [0x00000000d7700000, 0x00000000ddf80000, 0x0000000100000000)
  eden space 23552K, 0% used [0x00000000d7700000,0x00000000d7700000,0x00000000d8e00000)
  from space 512K, 6% used [0x00000000dde80000,0x00000000dde88000,0x00000000ddf00000)
  to   space 512K, 0% used [0x00000000ddf00000,0x00000000ddf00000,0x00000000ddf80000)
 ParOldGen       total 83456K, used 48755K [0x0000000086400000, 0x000000008b580000, 0x00000000d7700000)
  object space 83456K, 58% used [0x0000000086400000,0x000000008939cf70,0x000000008b580000)
 Metaspace       used 16647K, capacity 16858K, committed 17280K, reserved 1064960K
  class space    used 1985K, capacity 2068K, committed 2176K, reserved 1048576K
}

